<?xml version="1.0" encoding="UTF-8"?>
<!-- Generated by org.testng.reporters.JUnitReportReporter -->
<testsuite hostname="Jack.local" name="HomePage1Test" tests="2" failures="0" timestamp="19 Dec 2015 09:31:25 GMT" time="22.094" errors="0">
  <testcase name="testThatUserShouldBeAbleToClickOnProjectsButton" time="12.257" classname="HomePage1Test"/>
  <testcase name="testThatUserShouldBeAbleToClickDownloadButton" time="9.837" classname="HomePage1Test"/>
</testsuite>
