<?xml version="1.0" encoding="UTF-8"?>
<!-- Generated by org.testng.reporters.JUnitReportReporter -->
<testsuite hostname="Jack.local" name="HomePageTest" tests="2" failures="0" timestamp="19 Dec 2015 09:31:25 GMT" time="19.510" errors="0">
  <testcase name="testThatUserShouldBeAbleToClickDownloadButton" time="10.824" classname="HomePageTest"/>
  <testcase name="testThatUserShouldBeAbleToClickOnProjectsButton" time="8.686" classname="HomePageTest"/>
</testsuite>
